<?xml version="1.0" encoding="UTF-8"?>
<!-- Generated by org.testng.reporters.JUnitReportReporter -->
<testsuite hostname="DESKTOP-Q2RM1HI" failures="0" tests="2" name="test.LoginTest" time="95.076" errors="0" timestamp="2022-01-13T17:02:07 IST" skipped="0">
  <testcase classname="test.LoginTest" name="VerifyTitle" time="0.038"/>
  <system-out/>
  <testcase classname="test.LoginTest" name="DataDriven" time="95.038"/>
  <system-out/>
</testsuite> <!-- test.LoginTest -->
